This file contains any messages produced by compilers while
running configure, to aid debugging if configure makes a mistake.

configure:556: checking for mawk
configure:556: checking for gawk
configure:587: checking version of the package
configure:651: checking for gcc
configure:764: checking whether the C compiler (gcc  ) works
configure:780: gcc -o conftest    conftest.c  1>&5
configure:777:1: warning: return type defaults to 'int' [-Wimplicit-int]
  777 | main(){return(0);}
      | ^~~~
configure:806: checking whether the C compiler (gcc  ) is a cross-compiler
configure:811: checking whether we are using GNU C
configure:820: gcc -E conftest.c
configure:839: checking whether gcc accepts -g
configure:875: checking for c++
configure:907: checking whether the C++ compiler (g++  ) works
configure:923: g++ -o conftest    conftest.C  1>&5
configure:949: checking whether the C++ compiler (g++  ) is a cross-compiler
configure:954: checking whether we are using GNU C++
configure:963: g++ -E conftest.C
configure:982: checking whether g++ accepts -g
configure:1014: checking how to run the C preprocessor
configure:1035: gcc -E  conftest.c >/dev/null 2>conftest.out
configure:1124: checking for a BSD compatible install
configure:1179: checking for ranlib
configure:1209: checking for flex
configure:1243: checking for yywrap in -lfl
configure:1262: gcc -o conftest -g -O2   conftest.c -lfl   1>&5
/usr/bin/ld: cannot find -lfl
collect2: error: ld returned 1 exit status
configure: failed program was:
#line 1251 "configure"
#include "confdefs.h"
/* Override any gcc2 internal prototype to avoid an error.  */
/* We use char because int might match the return type of a gcc2
    builtin and then its argument prototype would still apply.  */
char yywrap();

int main() {
yywrap()
; return 0; }
configure:1287: checking for bison
configure:1317: checking for autoconf
configure:1347: checking for strip
configure:1377: checking for as
configure:1407: checking for cp
configure:1457: checking for ANSI C header files
configure:1470: gcc -E  conftest.c >/dev/null 2>conftest.out
configure:1537: gcc -o conftest -g -O2   conftest.c  1>&5
configure: In function 'main':
configure:1532:67: warning: implicit declaration of function 'exit' [-Wimplicit-function-declaration]
 1532 | if (XOR (islower (i), ISLOWER (i)) || toupper (i) != TOUPPER (i)) exit(2);
      |                                                                   ^~~~
configure:1532:67: warning: incompatible implicit declaration of built-in function 'exit'
configure:1528:1: note: include '<stdlib.h>' or provide a declaration of 'exit'
 1527 | #include <ctype.h>
  +++ |+#include <stdlib.h>
 1528 | #define ISLOWER(c) ('a' <= (c) && (c) <= 'z')
configure:1533:1: warning: incompatible implicit declaration of built-in function 'exit'
 1533 | exit (0); }
      | ^~~~
configure:1533:1: note: include '<stdlib.h>' or provide a declaration of 'exit'
configure:1564: checking for getopt.h
configure:1574: gcc -E  conftest.c >/dev/null 2>conftest.out
configure:1604: checking for unistd.h
configure:1614: gcc -E  conftest.c >/dev/null 2>conftest.out
configure:1644: checking for endian.h
configure:1654: gcc -E  conftest.c >/dev/null 2>conftest.out
configure:1684: checking for machine/endian.h
configure:1694: gcc -E  conftest.c >/dev/null 2>conftest.out
configure:1690:10: fatal error: machine/endian.h: No such file or directory
 1690 | #include <$ac_hdr>
      |          ^~~~~~~~~         
compilation terminated.
configure: failed program was:
#line 1689 "configure"
#include "confdefs.h"
#include <machine/endian.h>
configure:1724: checking for malloc.h
configure:1734: gcc -E  conftest.c >/dev/null 2>conftest.out
configure:1764: checking for sys/isa_defs.h
configure:1774: gcc -E  conftest.c >/dev/null 2>conftest.out
configure:1770:10: fatal error: sys/isa_defs.h: No such file or directory
 1770 | #include <$ac_hdr>
      |          ^~~~~~~~~       
compilation terminated.
configure: failed program was:
#line 1769 "configure"
#include "confdefs.h"
#include <sys/isa_defs.h>
configure:1804: checking for sys/socket.h
configure:1814: gcc -E  conftest.c >/dev/null 2>conftest.out
configure:1845: checking for dirent.h that defines DIR
configure:1858: gcc -c -g -O2  conftest.c 1>&5
configure:1883: checking for opendir in -ldir
configure:1902: gcc -o conftest -g -O2   conftest.c -ldir   1>&5
/usr/bin/ld: cannot find -ldir
collect2: error: ld returned 1 exit status
configure: failed program was:
#line 1891 "configure"
#include "confdefs.h"
/* Override any gcc2 internal prototype to avoid an error.  */
/* We use char because int might match the return type of a gcc2
    builtin and then its argument prototype would still apply.  */
char opendir();

int main() {
opendir()
; return 0; }
configure:1969: checking which header file defines FD_ macros
configure:2087: checking for strlen
configure:2115: gcc -o conftest -g -O2   conftest.c  1>&5
In file included from configure:2092:
confdefs.h:16: warning: "FD_HEADER_OK" redefined
   16 | #define FD_HEADER_OK 1
      | 
confdefs.h:13: note: this is the location of the previous definition
   13 | #define FD_HEADER_OK 0
      | 
configure:2099:6: warning: conflicting types for built-in function 'strlen'; expected 'long unsigned int(const char *)' [-Wbuiltin-declaration-mismatch]
 2099 | char $ac_func();
      |      ^~~~~~
configure:2096:1: note: 'strlen' is declared in header '<string.h>'
 2095 | #include <assert.h>
  +++ |+#include <string.h>
 2096 | /* Override any gcc2 internal prototype to avoid an error.  */
configure:2087: checking for strcpy
configure:2115: gcc -o conftest -g -O2   conftest.c  1>&5
In file included from configure:2092:
confdefs.h:16: warning: "FD_HEADER_OK" redefined
   16 | #define FD_HEADER_OK 1
      | 
confdefs.h:13: note: this is the location of the previous definition
   13 | #define FD_HEADER_OK 0
      | 
configure:2099:6: warning: conflicting types for built-in function 'strcpy'; expected 'char *(char *, const char *)' [-Wbuiltin-declaration-mismatch]
 2099 | char $ac_func();
      |      ^~~~~~
configure:2096:1: note: 'strcpy' is declared in header '<string.h>'
 2095 | #include <assert.h>
  +++ |+#include <string.h>
 2096 | /* Override any gcc2 internal prototype to avoid an error.  */
configure:2087: checking for strcat
configure:2115: gcc -o conftest -g -O2   conftest.c  1>&5
In file included from configure:2092:
confdefs.h:16: warning: "FD_HEADER_OK" redefined
   16 | #define FD_HEADER_OK 1
      | 
confdefs.h:13: note: this is the location of the previous definition
   13 | #define FD_HEADER_OK 0
      | 
configure:2099:6: warning: conflicting types for built-in function 'strcat'; expected 'char *(char *, const char *)' [-Wbuiltin-declaration-mismatch]
 2099 | char $ac_func();
      |      ^~~~~~
configure:2096:1: note: 'strcat' is declared in header '<string.h>'
 2095 | #include <assert.h>
  +++ |+#include <string.h>
 2096 | /* Override any gcc2 internal prototype to avoid an error.  */
configure:2087: checking for strstr
configure:2115: gcc -o conftest -g -O2   conftest.c  1>&5
In file included from configure:2092:
confdefs.h:16: warning: "FD_HEADER_OK" redefined
   16 | #define FD_HEADER_OK 1
      | 
confdefs.h:13: note: this is the location of the previous definition
   13 | #define FD_HEADER_OK 0
      | 
configure:2099:6: warning: conflicting types for built-in function 'strstr'; expected 'char *(const char *, const char *)' [-Wbuiltin-declaration-mismatch]
 2099 | char $ac_func();
      |      ^~~~~~
configure:2096:1: note: 'strstr' is declared in header '<string.h>'
 2095 | #include <assert.h>
  +++ |+#include <string.h>
 2096 | /* Override any gcc2 internal prototype to avoid an error.  */
configure:2087: checking for strcmp
configure:2115: gcc -o conftest -g -O2   conftest.c  1>&5
In file included from configure:2092:
confdefs.h:16: warning: "FD_HEADER_OK" redefined
   16 | #define FD_HEADER_OK 1
      | 
confdefs.h:13: note: this is the location of the previous definition
   13 | #define FD_HEADER_OK 0
      | 
configure:2099:6: warning: conflicting types for built-in function 'strcmp'; expected 'int(const char *, const char *)' [-Wbuiltin-declaration-mismatch]
 2099 | char $ac_func();
      |      ^~~~~~
configure:2096:1: note: 'strcmp' is declared in header '<string.h>'
 2095 | #include <assert.h>
  +++ |+#include <string.h>
 2096 | /* Override any gcc2 internal prototype to avoid an error.  */
configure:2087: checking for strerror
configure:2115: gcc -o conftest -g -O2   conftest.c  1>&5
In file included from configure:2092:
confdefs.h:16: warning: "FD_HEADER_OK" redefined
   16 | #define FD_HEADER_OK 1
      | 
confdefs.h:13: note: this is the location of the previous definition
   13 | #define FD_HEADER_OK 0
      | 
configure:2087: checking for strtok
configure:2115: gcc -o conftest -g -O2   conftest.c  1>&5
In file included from configure:2092:
confdefs.h:16: warning: "FD_HEADER_OK" redefined
   16 | #define FD_HEADER_OK 1
      | 
confdefs.h:13: note: this is the location of the previous definition
   13 | #define FD_HEADER_OK 0
      | 
configure:2087: checking for strdup
configure:2115: gcc -o conftest -g -O2   conftest.c  1>&5
In file included from configure:2092:
confdefs.h:16: warning: "FD_HEADER_OK" redefined
   16 | #define FD_HEADER_OK 1
      | 
confdefs.h:13: note: this is the location of the previous definition
   13 | #define FD_HEADER_OK 0
      | 
configure:2099:6: warning: conflicting types for built-in function 'strdup'; expected 'char *(const char *)' [-Wbuiltin-declaration-mismatch]
 2099 | char $ac_func();
      |      ^~~~~~
configure:2142: checking for strchr
configure:2170: gcc -o conftest -g -O2   conftest.c  1>&5
In file included from configure:2147:
confdefs.h:16: warning: "FD_HEADER_OK" redefined
   16 | #define FD_HEADER_OK 1
      | 
confdefs.h:13: note: this is the location of the previous definition
   13 | #define FD_HEADER_OK 0
      | 
configure:2154:6: warning: conflicting types for built-in function 'strchr'; expected 'char *(const char *, int)' [-Wbuiltin-declaration-mismatch]
 2154 | char $ac_func();
      |      ^~~~~~
configure:2151:1: note: 'strchr' is declared in header '<string.h>'
 2150 | #include <assert.h>
  +++ |+#include <string.h>
 2151 | /* Override any gcc2 internal prototype to avoid an error.  */
configure:2142: checking for memcpy
configure:2170: gcc -o conftest -g -O2   conftest.c  1>&5
In file included from configure:2147:
confdefs.h:16: warning: "FD_HEADER_OK" redefined
   16 | #define FD_HEADER_OK 1
      | 
confdefs.h:13: note: this is the location of the previous definition
   13 | #define FD_HEADER_OK 0
      | 
configure:2154:6: warning: conflicting types for built-in function 'memcpy'; expected 'void *(void *, const void *, long unsigned int)' [-Wbuiltin-declaration-mismatch]
 2154 | char $ac_func();
      |      ^~~~~~
configure:2151:1: note: 'memcpy' is declared in header '<string.h>'
 2150 | #include <assert.h>
  +++ |+#include <string.h>
 2151 | /* Override any gcc2 internal prototype to avoid an error.  */
configure:2197: checking for fgets
configure:2225: gcc -o conftest -g -O2   conftest.c  1>&5
In file included from configure:2202:
confdefs.h:16: warning: "FD_HEADER_OK" redefined
   16 | #define FD_HEADER_OK 1
      | 
confdefs.h:13: note: this is the location of the previous definition
   13 | #define FD_HEADER_OK 0
      | 
configure:2252: checking for yylex
configure:2280: gcc -o conftest -g -O2   conftest.c  1>&5
In file included from configure:2257:
confdefs.h:16: warning: "FD_HEADER_OK" redefined
   16 | #define FD_HEADER_OK 1
      | 
confdefs.h:13: note: this is the location of the previous definition
   13 | #define FD_HEADER_OK 0
      | 
/usr/bin/ld: /tmp/ccmC6kex.o: in function `main':
/tmp/gbdk/sdcc/configure:2274: undefined reference to `yylex'
collect2: error: ld returned 1 exit status
configure: failed program was:
#line 2257 "configure"
#include "confdefs.h"
/* System header to define __stub macros and hopefully few prototypes,
    which can conflict with char yylex(); below.  */
#include <assert.h>
/* Override any gcc2 internal prototype to avoid an error.  */
/* We use char because int might match the return type of a gcc2
    builtin and then its argument prototype would still apply.  */
char yylex();

int main() {

/* The GNU C library defines this for functions which it implements
    to always fail with ENOSYS.  Some functions are actually named
    something starting with __ and the normal name is an alias.  */
#if defined (__stub_yylex) || defined (__stub___yylex)
choke me
#else
yylex();
#endif

; return 0; }
configure:2308: checking for library containing socket
configure:2326: gcc -o conftest -g -O2   conftest.c  1>&5
In file included from configure:2315:
confdefs.h:16: warning: "FD_HEADER_OK" redefined
   16 | #define FD_HEADER_OK 1
      | 
confdefs.h:13: note: this is the location of the previous definition
   13 | #define FD_HEADER_OK 0
      | 
configure:2370: checking for library containing inet_addr
configure:2388: gcc -o conftest -g -O2   conftest.c  1>&5
In file included from configure:2377:
confdefs.h:16: warning: "FD_HEADER_OK" redefined
   16 | #define FD_HEADER_OK 1
      | 
confdefs.h:13: note: this is the location of the previous definition
   13 | #define FD_HEADER_OK 0
      | 
configure:2444: checking whether preprocessor accepts -MM or -M
Using built-in specs.
COLLECT_GCC=gcc
OFFLOAD_TARGET_NAMES=nvptx-none
OFFLOAD_TARGET_DEFAULT=1
Target: x86_64-redhat-linux
Configured with: ../configure --enable-bootstrap --enable-languages=c,c++,fortran,objc,obj-c++,ada,go,d,lto --prefix=/usr --mandir=/usr/share/man --infodir=/usr/share/info --with-bugurl=http://bugzilla.redhat.com/bugzilla --enable-shared --enable-threads=posix --enable-checking=release --enable-multilib --with-system-zlib --enable-__cxa_atexit --disable-libunwind-exceptions --enable-gnu-unique-object --enable-linker-build-id --with-gcc-major-version-only --with-linker-hash-style=gnu --enable-plugin --enable-initfini-array --with-isl --enable-offload-targets=nvptx-none --without-cuda-driver --enable-gnu-indirect-function --enable-cet --with-tune=generic --with-arch_32=i686 --build=x86_64-redhat-linux
Thread model: posix
Supported LTO compression algorithms: zlib zstd
gcc version 10.2.1 20201125 (Red Hat 10.2.1-9) (GCC) 
COLLECT_GCC_OPTIONS='-E' '-v' '-MM' '-mtune=generic' '-march=x86-64'
 /usr/libexec/gcc/x86_64-redhat-linux/10/cc1 -E -quiet -v -MM _test_.c -mtune=generic -march=x86-64
ignoring nonexistent directory "/usr/lib/gcc/x86_64-redhat-linux/10/include-fixed"
ignoring nonexistent directory "/usr/lib/gcc/x86_64-redhat-linux/10/../../../../x86_64-redhat-linux/include"
#include "..." search starts here:
#include <...> search starts here:
 /usr/lib/gcc/x86_64-redhat-linux/10/include
 /usr/local/include
 /usr/include
End of search list.
_test_.o: _test_.c
COMPILER_PATH=/usr/libexec/gcc/x86_64-redhat-linux/10/:/usr/libexec/gcc/x86_64-redhat-linux/10/:/usr/libexec/gcc/x86_64-redhat-linux/:/usr/lib/gcc/x86_64-redhat-linux/10/:/usr/lib/gcc/x86_64-redhat-linux/
LIBRARY_PATH=/usr/lib/gcc/x86_64-redhat-linux/10/:/usr/lib/gcc/x86_64-redhat-linux/10/../../../../lib64/:/lib/../lib64/:/usr/lib/../lib64/:/usr/lib/gcc/x86_64-redhat-linux/10/../../../:/lib/:/usr/lib/
COLLECT_GCC_OPTIONS='-E' '-v' '-MM' '-mtune=generic' '-march=x86-64'
configure:2466: checking whether gcc accepts -ggdb
Using built-in specs.
COLLECT_GCC=gcc
OFFLOAD_TARGET_NAMES=nvptx-none
OFFLOAD_TARGET_DEFAULT=1
Target: x86_64-redhat-linux
Configured with: ../configure --enable-bootstrap --enable-languages=c,c++,fortran,objc,obj-c++,ada,go,d,lto --prefix=/usr --mandir=/usr/share/man --infodir=/usr/share/info --with-bugurl=http://bugzilla.redhat.com/bugzilla --enable-shared --enable-threads=posix --enable-checking=release --enable-multilib --with-system-zlib --enable-__cxa_atexit --disable-libunwind-exceptions --enable-gnu-unique-object --enable-linker-build-id --with-gcc-major-version-only --with-linker-hash-style=gnu --enable-plugin --enable-initfini-array --with-isl --enable-offload-targets=nvptx-none --without-cuda-driver --enable-gnu-indirect-function --enable-cet --with-tune=generic --with-arch_32=i686 --build=x86_64-redhat-linux
Thread model: posix
Supported LTO compression algorithms: zlib zstd
gcc version 10.2.1 20201125 (Red Hat 10.2.1-9) (GCC) 
COLLECT_GCC_OPTIONS='-v' '-ggdb' '-c' '-mtune=generic' '-march=x86-64'
 /usr/libexec/gcc/x86_64-redhat-linux/10/cc1 -quiet -v _test_.c -quiet -dumpbase _test_.c -mtune=generic -march=x86-64 -auxbase _test_ -ggdb -version -o /tmp/cciV5C3h.s
GNU C17 (GCC) version 10.2.1 20201125 (Red Hat 10.2.1-9) (x86_64-redhat-linux)
	compiled by GNU C version 10.2.1 20201125 (Red Hat 10.2.1-9), GMP version 6.1.2, MPFR version 4.0.2-p9, MPC version 1.1.0, isl version isl-0.16.1-GMP

GGC heuristics: --param ggc-min-expand=100 --param ggc-min-heapsize=131072
ignoring nonexistent directory "/usr/lib/gcc/x86_64-redhat-linux/10/include-fixed"
ignoring nonexistent directory "/usr/lib/gcc/x86_64-redhat-linux/10/../../../../x86_64-redhat-linux/include"
#include "..." search starts here:
#include <...> search starts here:
 /usr/lib/gcc/x86_64-redhat-linux/10/include
 /usr/local/include
 /usr/include
End of search list.
GNU C17 (GCC) version 10.2.1 20201125 (Red Hat 10.2.1-9) (x86_64-redhat-linux)
	compiled by GNU C version 10.2.1 20201125 (Red Hat 10.2.1-9), GMP version 6.1.2, MPFR version 4.0.2-p9, MPC version 1.1.0, isl version isl-0.16.1-GMP

GGC heuristics: --param ggc-min-expand=100 --param ggc-min-heapsize=131072
Compiler executable checksum: 0b6dd30bc3320f2fb3c9d475d9e03b8f
COLLECT_GCC_OPTIONS='-v' '-ggdb' '-c' '-mtune=generic' '-march=x86-64'
 as -v --64 -o _test_.o /tmp/cciV5C3h.s
GNU assembler version 2.34 (x86_64-redhat-linux) using BFD version version 2.34-6.fc32
COMPILER_PATH=/usr/libexec/gcc/x86_64-redhat-linux/10/:/usr/libexec/gcc/x86_64-redhat-linux/10/:/usr/libexec/gcc/x86_64-redhat-linux/:/usr/lib/gcc/x86_64-redhat-linux/10/:/usr/lib/gcc/x86_64-redhat-linux/
LIBRARY_PATH=/usr/lib/gcc/x86_64-redhat-linux/10/:/usr/lib/gcc/x86_64-redhat-linux/10/../../../../lib64/:/lib/../lib64/:/usr/lib/../lib64/:/usr/lib/gcc/x86_64-redhat-linux/10/../../../:/lib/:/usr/lib/
COLLECT_GCC_OPTIONS='-v' '-ggdb' '-c' '-mtune=generic' '-march=x86-64'
configure:2491: checking whether gcc accepts -pipe
Using built-in specs.
COLLECT_GCC=gcc
OFFLOAD_TARGET_NAMES=nvptx-none
OFFLOAD_TARGET_DEFAULT=1
Target: x86_64-redhat-linux
Configured with: ../configure --enable-bootstrap --enable-languages=c,c++,fortran,objc,obj-c++,ada,go,d,lto --prefix=/usr --mandir=/usr/share/man --infodir=/usr/share/info --with-bugurl=http://bugzilla.redhat.com/bugzilla --enable-shared --enable-threads=posix --enable-checking=release --enable-multilib --with-system-zlib --enable-__cxa_atexit --disable-libunwind-exceptions --enable-gnu-unique-object --enable-linker-build-id --with-gcc-major-version-only --with-linker-hash-style=gnu --enable-plugin --enable-initfini-array --with-isl --enable-offload-targets=nvptx-none --without-cuda-driver --enable-gnu-indirect-function --enable-cet --with-tune=generic --with-arch_32=i686 --build=x86_64-redhat-linux
Thread model: posix
Supported LTO compression algorithms: zlib zstd
gcc version 10.2.1 20201125 (Red Hat 10.2.1-9) (GCC) 
COLLECT_GCC_OPTIONS='-v' '-pipe' '-c' '-mtune=generic' '-march=x86-64'
 /usr/libexec/gcc/x86_64-redhat-linux/10/cc1 -quiet -v _test_.c -quiet -dumpbase _test_.c -mtune=generic -march=x86-64 -auxbase _test_ -version -o - |
 as -v --64 -o _test_.o
GNU assembler version 2.34 (x86_64-redhat-linux) using BFD version version 2.34-6.fc32
GNU C17 (GCC) version 10.2.1 20201125 (Red Hat 10.2.1-9) (x86_64-redhat-linux)
	compiled by GNU C version 10.2.1 20201125 (Red Hat 10.2.1-9), GMP version 6.1.2, MPFR version 4.0.2-p9, MPC version 1.1.0, isl version isl-0.16.1-GMP

GGC heuristics: --param ggc-min-expand=100 --param ggc-min-heapsize=131072
ignoring nonexistent directory "/usr/lib/gcc/x86_64-redhat-linux/10/include-fixed"
ignoring nonexistent directory "/usr/lib/gcc/x86_64-redhat-linux/10/../../../../x86_64-redhat-linux/include"
#include "..." search starts here:
#include <...> search starts here:
 /usr/lib/gcc/x86_64-redhat-linux/10/include
 /usr/local/include
 /usr/include
End of search list.
GNU C17 (GCC) version 10.2.1 20201125 (Red Hat 10.2.1-9) (x86_64-redhat-linux)
	compiled by GNU C version 10.2.1 20201125 (Red Hat 10.2.1-9), GMP version 6.1.2, MPFR version 4.0.2-p9, MPC version 1.1.0, isl version isl-0.16.1-GMP

GGC heuristics: --param ggc-min-expand=100 --param ggc-min-heapsize=131072
Compiler executable checksum: 0b6dd30bc3320f2fb3c9d475d9e03b8f
COMPILER_PATH=/usr/libexec/gcc/x86_64-redhat-linux/10/:/usr/libexec/gcc/x86_64-redhat-linux/10/:/usr/libexec/gcc/x86_64-redhat-linux/:/usr/lib/gcc/x86_64-redhat-linux/10/:/usr/lib/gcc/x86_64-redhat-linux/
LIBRARY_PATH=/usr/lib/gcc/x86_64-redhat-linux/10/:/usr/lib/gcc/x86_64-redhat-linux/10/../../../../lib64/:/lib/../lib64/:/usr/lib/../lib64/:/usr/lib/gcc/x86_64-redhat-linux/10/../../../:/lib/:/usr/lib/
COLLECT_GCC_OPTIONS='-v' '-pipe' '-c' '-mtune=generic' '-march=x86-64'
configure:2518: checking return type of signal handlers
configure:2540: gcc -c -ggdb -O2 -pipe  conftest.c 1>&5
In file included from configure:2523:
confdefs.h:16: warning: "FD_HEADER_OK" redefined
   16 | #define FD_HEADER_OK 1
      | 
confdefs.h:13: note: this is the location of the previous definition
   13 | #define FD_HEADER_OK 0
      | 
